<?xml version="1.0" encoding="UTF-8"?>
<!-- Generated by org.testng.reporters.JUnitReportReporter -->
<testsuite skipped="0" hostname="Legion-OKV5H7PJ" name="testng.Class2" tests="4" failures="0" timestamp="04 Apr 2021 05:44:58 GMT" time="0.004" errors="0">
  <testcase name="testone" time="0.001" classname="testng.Class2"/>
  <testcase name="testthree" time="0.001" classname="testng.Class2"/>
  <testcase name="testclasstwo" time="0.001" classname="testng.Class2"/>
  <testcase name="testtwo" time="0.001" classname="testng.Class2"/>
</testsuite> <!-- testng.Class2 -->
