<?xml version="1.0" encoding="UTF-8"?>
<!-- Generated by org.testng.reporters.JUnitReportReporter -->
<testsuite skipped="0" hostname="Legion-OKV5H7PJ" name="testng.Class1" tests="2" failures="0" timestamp="05 Apr 2021 08:04:47 GMT" time="21.561" errors="0">
  <testcase name="testone" time="14.475" classname="testng.Class1"/>
  <testcase name="testone" time="7.086" classname="testng.Class1"/>
</testsuite> <!-- testng.Class1 -->
